2025-05-06 14:34:19 INFO  TC_LoginTest:16 - ******* Starting TC_LoginTest ********
2025-05-06 14:34:19 INFO  TC_LoginTest:23 - ********* Entered User Login ID *********
2025-05-06 14:34:19 INFO  TC_LoginTest:26 - ******** Entered User Password **********
2025-05-06 14:34:19 INFO  TC_LoginTest:29 - ******* Clicked on Login Button
2025-05-06 14:34:19 INFO  TC_LoginTest:34 - ***** Login is passed ********
2025-05-06 14:34:29 ERROR TC_LoginTest:41 - Test failed.....
2025-05-06 14:34:57 INFO  TC_LoginTest:16 - ******* Starting TC_LoginTest ********
2025-05-06 14:34:58 INFO  TC_LoginTest:23 - ********* Entered User Login ID *********
2025-05-06 14:34:58 INFO  TC_LoginTest:26 - ******** Entered User Password **********
2025-05-06 14:34:58 INFO  TC_LoginTest:29 - ******* Clicked on Login Button
2025-05-06 14:34:58 INFO  TC_LoginTest:34 - ***** Login is passed ********
2025-05-06 14:35:08 ERROR TC_LoginTest:41 - Test failed.....
2025-05-06 14:35:56 INFO  TC_LoginTest:16 - ******* Starting TC_LoginTest ********
2025-05-06 14:35:56 INFO  TC_LoginTest:23 - ********* Entered User Login ID *********
2025-05-06 14:35:56 INFO  TC_LoginTest:26 - ******** Entered User Password **********
2025-05-06 14:35:56 INFO  TC_LoginTest:29 - ******* Clicked on Login Button
2025-05-06 14:35:56 INFO  TC_LoginTest:34 - ***** Login is passed ********
2025-05-06 14:36:00 INFO  TC_LoginTest:46 - ***** Finished TC_LoginTest ********
2025-05-06 14:48:35 INFO  TC_LoginTest:16 - ******* Starting TC_LoginTest ********
2025-05-06 14:48:35 INFO  TC_LoginTest:23 - ********* Entered User Login ID *********
2025-05-06 14:48:35 INFO  TC_LoginTest:26 - ******** Entered User Password **********
2025-05-06 14:48:35 INFO  TC_LoginTest:29 - ******* Clicked on Login Button
2025-05-06 14:48:35 INFO  TC_LoginTest:34 - ***** Login is passed ********
2025-05-06 14:48:39 INFO  TC_LoginTest:46 - ***** Finished TC_LoginTest ********
2025-05-06 15:03:14 INFO  TC_LoginTest:16 - ******* Starting TC_LoginTest ********
2025-05-06 15:03:14 INFO  TC_LoginTest:23 - ********* Entered User Login ID *********
2025-05-06 15:03:14 INFO  TC_LoginTest:26 - ******** Entered User Password **********
2025-05-06 15:03:14 INFO  TC_LoginTest:29 - ******* Clicked on Login Button
2025-05-06 15:03:14 INFO  TC_LoginTest:34 - ***** Login is passed ********
2025-05-06 15:03:18 INFO  TC_LoginTest:46 - ***** Finished TC_LoginTest ********
2025-05-06 15:04:23 INFO  TC_LoginTest:16 - ******* Starting TC_LoginTest ********
2025-05-06 15:04:23 INFO  TC_LoginTest:23 - ********* Entered User Login ID *********
2025-05-06 15:04:23 INFO  TC_LoginTest:26 - ******** Entered User Password **********
2025-05-06 15:04:23 INFO  TC_LoginTest:29 - ******* Clicked on Login Button
2025-05-06 15:04:23 INFO  TC_LoginTest:34 - ***** Login is passed ********
2025-05-06 15:04:27 INFO  TC_LoginTest:46 - ***** Finished TC_LoginTest ********
